01754f4a-72ef-4a31-8142-8dd8b5f75712 root@02dffc3e4ac1:/github/workspace/templateflow timestamp=1630446753.390804s
01e9c6c7-5650-4631-884d-58d8228d228a oesteban@dendrite:~/datalad/templateflow timestamp=1583952094.47548s
03bc0cd5-8a38-47fc-98a0-3f5f58e94be3 runner@fv-az33:~/work/tpl-MNIPediatricAsym/tpl-MNIPediatricAsym/templateflow timestamp=1587667784.683974s
06e04cd1-2c49-4df7-9942-5b18b1c00fb6 runner@fv-az50:~/work/tpl-MNI152Lin/tpl-MNI152Lin/templateflow timestamp=1587662980.402228s
0b7a2322-03d2-49e1-8171-d959fdb9ff63 oesteban@dendrite:~/datalad/templateflow timestamp=1629991822.717622s
0bdc07e1-d1a9-4590-ace4-69ff74475191 oesteban@dendrite:~/tmp/templateflow timestamp=1574707512.887871s
1068ef8f-b1af-4231-8632-80183364d434 runner@fv-az50:~/work/tpl-MNI152NLin6Sym/tpl-MNI152NLin6Sym/templateflow timestamp=1587665437.425691s
12e74580-80b4-479d-80eb-47dcf7f6b69a runner@fv-az177-894:~/work/tpl-MNI152NLin6Sym/tpl-MNI152NLin6Sym/templateflow timestamp=1630424565.200483s
1f9f0f73-6892-4f40-b635-1f0d92cc3864 runner@fv-az32:~/work/tpl-fsaverage/tpl-fsaverage/templateflow timestamp=1587665375.898658s
200a18a6-53f7-412a-ab3e-8cbda4ea0743 public-s3 timestamp=1551480316.511820314s
22021b8b-6277-4377-9e0c-cc1f52c551bb runner@fv-az50:~/work/tpl-PNC/tpl-PNC/templateflow timestamp=1587665387.850388s
2a46505b-155a-4629-b9be-301ff36fb61d runner@fv-az180-129:~/work/tpl-MNIInfant/tpl-MNIInfant/templateflow timestamp=1630012486.226069s
417daef7-d04b-4576-96f1-38b4bd09a3fb runner@fv-az50:~/work/tpl-MNI152NLin6Asym/tpl-MNI152NLin6Asym/templateflow timestamp=1587665491.803561s
4268a506-8f97-4f1b-967c-6367cd32bd24 runner@fv-az177-346:~/work/tpl-fsaverage/tpl-fsaverage/templateflow timestamp=1630012546.987345s
4836ae96-5051-47ef-b400-1875c4603170 runner@fv-az167-7:~/work/tpl-MNI152NLin2009cSym/tpl-MNI152NLin2009cSym/templateflow timestamp=1630012462.723388s
53cc586a-0d60-4e5c-9574-9e7e4b667775 root@5ce720f6edc4:/templateflow timestamp=1630441396.404094s
5e16ed4c-8086-4ae9-b740-c1fb19fc565a oesteban@dendrite:~/templateflow timestamp=1546143263.707124989s
5e39e1cf-4a7c-40b0-a77e-527cb83cef14 runner@fv-az209-420:~/work/tpl-fsLR/tpl-fsLR/templateflow timestamp=1630012545.093829s
5feb5a12-0f2e-4397-bea8-438c9e806143 runner@fv-az206-625:~/work/tpl-MNI152NLin2009cAsym/tpl-MNI152NLin2009cAsym/templateflow timestamp=1629991399.376454s
61cfb0df-e968-4448-a135-256c98b2344b runner@fv-az121:~/work/tpl-MNI152Lin/tpl-MNI152Lin/templateflow timestamp=1587663976.168435s
6da28ea4-8068-4341-8876-fa58862b6645 runner@fv-az76:~/work/tpl-MNI152Lin/tpl-MNI152Lin/templateflow timestamp=1587662107.356196s
74c262a5-9207-42b9-9ce5-a3c3d724023f runner@fv-az133-408:~/work/tpl-MNIPediatricAsym/tpl-MNIPediatricAsym/templateflow timestamp=1630012479.399555s
75748708-8cf9-40b1-87af-ab833bdaaf9c runner@fv-az66:~/work/tpl-WHS/tpl-WHS/templateflow timestamp=1589308790.138438s
771d211e-1edd-43ff-9001-b13b6423dee1 runner@fv-az209-420:~/work/tpl-WHS/tpl-WHS/templateflow timestamp=1630012541.755371s
7868139b-9810-42fd-a8f4-0435f9be7377 runner@fv-az183-653:~/work/tpl-MNI152NLin6Asym/tpl-MNI152NLin6Asym/templateflow timestamp=1629986587.587158s
7bb9c847-9da1-4d68-887a-e529cc36f77d mathiasg@PSY-C02ZL00SLVDP.local:~/code/datalad/templateflow timestamp=1582837247.865297s
808d8911-ed4b-42ce-9b2f-6eccf5ea5261 root@08a0080fc83f:/github/workspace/templateflow timestamp=1630445653.043s
86900e68-2240-486d-9c74-f3133a0f07ef runner@fv-az180-129:~/work/tpl-OASIS30ANTs/tpl-OASIS30ANTs/templateflow timestamp=1630012506.162061s
89200cdd-60cf-4b3d-94e7-a168e6df75ed mathiasg@PSY-C02ZL00SLVDP.local:~/code/extra/templateflow timestamp=1574451371.912506s
8c729836-b67b-41c4-a548-9ff5b280486a runner@fv-az180-129:~/work/tpl-MNI152NLin6Sym/tpl-MNI152NLin6Sym/templateflow timestamp=1630012458.679862s
8ecc7012-a931-4016-b445-0f09f3ac6a92 runner@fv-az121:~/work/tpl-MNI152NLin2009cAsym/tpl-MNI152NLin2009cAsym/templateflow timestamp=1587665472.897048s
9310e0ab-4724-478c-9e81-f62727a74717 runner@fv-az32:~/work/tpl-MNI152NLin2009cSym/tpl-MNI152NLin2009cSym/templateflow timestamp=1587665455.017396s
9a773928-28e4-457e-b9fe-d78165c8ca75 oesteban@dendrite:~/datalad/templateflow timestamp=1539664043.742292172s
a0e1570b-e320-4ff2-8f54-3a5c1ddc786d runner@fv-az33:~/work/tpl-NKI/tpl-NKI/templateflow timestamp=1587665413.75102s
a398f362-58e1-4363-b545-71cc7b7d8b2e oesteban@dendrite:~/tmp/templateflow timestamp=1607453204.603954s
b6f3314f-6efc-4a8a-9180-d7b56a5fabc5 runner@fv-az206-625:~/work/tpl-NKI/tpl-NKI/templateflow timestamp=1630012489.920803s
c79dad66-e8b6-492a-a25d-d4ef25319f95 runner@fv-az167-7:~/work/tpl-PNC/tpl-PNC/templateflow timestamp=1630012519.558192s
d8dd3fbf-8101-48ce-8d6c-22c0a08063e0 runner@fv-az33:~/work/tpl-OASIS30ANTs/tpl-OASIS30ANTs/templateflow timestamp=1587665405.102025s
e6119538-a775-4d2b-88c2-f696543d89ec runner@fv-az33:~/work/tpl-WHS/tpl-WHS/templateflow timestamp=1587665382.961976s
e9c64a84-5729-4e3c-981f-5f7a73c6c14e oesteban@dendrite:~/datalad/templateflow timestamp=1583282194.074384s
ebb8a842-058f-48d7-b661-498ab69dc97a runner@fv-az78:~/work/tpl-MNI152Lin/tpl-MNI152Lin/templateflow timestamp=1587662509.502534s
ebff7e31-1679-4383-abbc-428f93777faa runner@fv-az209-420:~/work/tpl-Fischer344/tpl-Fischer344/templateflow timestamp=1630013243.477177s
ef892352-bf7a-4a35-baf9-0c989434151d runner@fv-az78:~/work/tpl-MNIPediatricAsym/tpl-MNIPediatricAsym/templateflow timestamp=1587665426.238922s
f38683c7-9b2d-47b0-a21a-33b84d9366bb oesteban@oscars-MacBook-Pro.local:~/tmp/templateflow timestamp=1629966398.356222s
fd20929b-fcb3-426a-99a9-b0059f294e13 runner@fv-az183-653:~/work/tpl-MNI152Lin/tpl-MNI152Lin/templateflow timestamp=1630012433.015044s
